<?xml version="1.0" encoding="UTF-8"?>
<testng-results skipped="0" failed="0" ignored="0" total="1" passed="1">
  <reporter-output>
    <line>
      <![CDATA[Command line test Excecution Started]]>
    </line>
    <line>
      <![CDATA[verifyCRMLoginTest Test Started]]>
    </line>
    <line>
      <![CDATA[The Title is matching==>PASSED]]>
    </line>
    <line>
      <![CDATA[The Title is matching==>PASSED]]>
    </line>
    <line>
      <![CDATA[Campaign tab is displayed]]>
    </line>
    <line>
      <![CDATA[verifyCRMLoginTest Test Passed]]>
    </line>
  </reporter-output>
  <suite name="Camapaign.LoginTest" duration-ms="15648" started-at="2019-09-10T12:52:58Z" finished-at="2019-09-10T12:53:13Z">
    <groups>
    </groups>
    <test name="Command line test" duration-ms="15648" started-at="2019-09-10T12:52:58Z" finished-at="2019-09-10T12:53:13Z">
      <class name="Camapaign.LoginTest">
        <test-method status="PASS" signature="openBrowser()[pri:0, instance:Camapaign.LoginTest@2c9f9fb0]" name="openBrowser" is-config="true" duration-ms="4303" started-at="2019-09-10T12:52:58Z" finished-at="2019-09-10T12:53:02Z">
          <reporter-output>
          </reporter-output>
        </test-method> <!-- openBrowser -->
        <test-method status="PASS" signature="loginToApp()[pri:0, instance:Camapaign.LoginTest@2c9f9fb0]" name="loginToApp" is-config="true" duration-ms="7420" started-at="2019-09-10T12:53:02Z" finished-at="2019-09-10T12:53:09Z">
          <reporter-output>
          </reporter-output>
        </test-method> <!-- loginToApp -->
        <test-method status="PASS" signature="verifyCRMLoginTest()[pri:0, instance:Camapaign.LoginTest@2c9f9fb0]" name="verifyCRMLoginTest" duration-ms="3894" started-at="2019-09-10T12:53:09Z" finished-at="2019-09-10T12:53:13Z">
          <reporter-output>
            <line>
              <![CDATA[verifyCRMLoginTest Test Started]]>
            </line>
            <line>
              <![CDATA[The Title is matching==>PASSED]]>
            </line>
            <line>
              <![CDATA[The Title is matching==>PASSED]]>
            </line>
            <line>
              <![CDATA[Campaign tab is displayed]]>
            </line>
            <line>
              <![CDATA[verifyCRMLoginTest Test Passed]]>
            </line>
          </reporter-output>
        </test-method> <!-- verifyCRMLoginTest -->
        <test-method status="PASS" signature="logoutFromApp()[pri:0, instance:Camapaign.LoginTest@2c9f9fb0]" name="logoutFromApp" is-config="true" duration-ms="1" started-at="2019-09-10T12:53:13Z" finished-at="2019-09-10T12:53:13Z">
          <reporter-output>
          </reporter-output>
        </test-method> <!-- logoutFromApp -->
      </class> <!-- Camapaign.LoginTest -->
    </test> <!-- Command line test -->
  </suite> <!-- Camapaign.LoginTest -->
</testng-results>
