<?xml version="1.0" encoding="UTF-8"?>
<testng-results skipped="0" failed="0" ignored="0" total="1" passed="1">
  <reporter-output>
    <line>
      <![CDATA[Test Excecution Started]]>
    </line>
    <line>
      <![CDATA[verifyCRMLoginTest Test Started]]>
    </line>
    <line>
      <![CDATA[The Title is matching==>PASSED]]>
    </line>
    <line>
      <![CDATA[The Title is matching==>PASSED]]>
    </line>
    <line>
      <![CDATA[Campaign tab is displayed]]>
    </line>
    <line>
      <![CDATA[verifyCRMLoginTest Test Passed]]>
    </line>
  </reporter-output>
  <suite name="Suite" duration-ms="16779" started-at="2019-09-10T12:47:16Z" finished-at="2019-09-10T12:47:33Z">
    <groups>
    </groups>
    <test name="Test" duration-ms="16779" started-at="2019-09-10T12:47:16Z" finished-at="2019-09-10T12:47:33Z">
      <class name="Camapaign.LoginTest">
        <test-method status="PASS" signature="openBrowser()[pri:0, instance:Camapaign.LoginTest@3159c4b8]" name="openBrowser" is-config="true" duration-ms="4146" started-at="2019-09-10T12:47:16Z" finished-at="2019-09-10T12:47:20Z">
          <reporter-output>
          </reporter-output>
        </test-method> <!-- openBrowser -->
        <test-method status="PASS" signature="loginToApp()[pri:0, instance:Camapaign.LoginTest@3159c4b8]" name="loginToApp" is-config="true" duration-ms="8442" started-at="2019-09-10T12:47:20Z" finished-at="2019-09-10T12:47:28Z">
          <reporter-output>
          </reporter-output>
        </test-method> <!-- loginToApp -->
        <test-method status="PASS" signature="verifyCRMLoginTest()[pri:0, instance:Camapaign.LoginTest@3159c4b8]" name="verifyCRMLoginTest" duration-ms="4160" started-at="2019-09-10T12:47:28Z" finished-at="2019-09-10T12:47:33Z">
          <reporter-output>
            <line>
              <![CDATA[verifyCRMLoginTest Test Started]]>
            </line>
            <line>
              <![CDATA[The Title is matching==>PASSED]]>
            </line>
            <line>
              <![CDATA[The Title is matching==>PASSED]]>
            </line>
            <line>
              <![CDATA[Campaign tab is displayed]]>
            </line>
            <line>
              <![CDATA[verifyCRMLoginTest Test Passed]]>
            </line>
          </reporter-output>
        </test-method> <!-- verifyCRMLoginTest -->
        <test-method status="PASS" signature="logoutFromApp()[pri:0, instance:Camapaign.LoginTest@3159c4b8]" name="logoutFromApp" is-config="true" duration-ms="1" started-at="2019-09-10T12:47:33Z" finished-at="2019-09-10T12:47:33Z">
          <reporter-output>
          </reporter-output>
        </test-method> <!-- logoutFromApp -->
      </class> <!-- Camapaign.LoginTest -->
    </test> <!-- Test -->
  </suite> <!-- Suite -->
</testng-results>
